<?xml version="1.0" encoding="UTF-8"?>
<!-- Generated by org.testng.reporters.JUnitReportReporter -->
<testsuite hostname="PardeepK" failures="0" tests="1" name="testLayer.YourAddressTest" time="9.049" errors="0" timestamp="2025-02-19T19:03:09 EST" skipped="0">
  <testcase classname="testLayer.YourAddressTest" name="Open_NewAddress" time="9.049"/>
</testsuite> <!-- testLayer.YourAddressTest -->
