<?xml version="1.0" encoding="UTF-8"?>
<!-- Generated by org.testng.reporters.JUnitReportReporter -->
<testsuite hostname="PardeepK" failures="0" tests="5" name="testLayer.LoginTest" time="11.248" errors="0" timestamp="2025-02-20T12:51:39 EST" skipped="0">
  <testcase classname="testLayer.LoginTest" name="Create_Account_TC13_Sign_in_button" time="1.648"/>
  <testcase classname="testLayer.LoginTest" name="Create_Account_TC14_Valid_email_id" time="2.217"/>
  <testcase classname="testLayer.LoginTest" name="Create_Account_TC18_Correct_Password" time="3.068"/>
  <testcase classname="testLayer.LoginTest" name="Create_Account_TC15_invalid_email_id" time="1.827"/>
  <testcase classname="testLayer.LoginTest" name="Create_Account_TC19_InCorrect_Password" time="2.488"/>
</testsuite> <!-- testLayer.LoginTest -->
