<?xml version="1.0" encoding="UTF-8"?>
<!-- Generated by org.testng.reporters.JUnitReportReporter -->
<testsuite hostname="PardeepK" failures="0" tests="1" name="testLayer.YourAccount" time="7.872" errors="0" timestamp="2025-02-10T21:08:50 EST" skipped="0">
  <testcase classname="testLayer.YourAccount" name="Youraccount_list" time="7.872"/>
</testsuite> <!-- testLayer.YourAccount -->
