<?xml version="1.0" encoding="UTF-8"?>
<!-- Generated by org.testng.reporters.JUnitReportReporter -->
<testsuite hostname="PardeepK" failures="0" tests="4" name="testLayer.YourAccountTest" time="34.819" errors="0" timestamp="2025-02-20T12:54:17 EST" skipped="0">
  <testcase classname="testLayer.YourAccountTest" name="Your_Account_TC23_Sublist_Options" time="7.505"/>
  <testcase classname="testLayer.YourAccountTest" name="Your_order_TC24_Different_options" time="8.835"/>
  <testcase classname="testLayer.YourAccountTest" name="Your_Address_TC25_Address_option" time="8.078"/>
  <testcase classname="testLayer.YourAccountTest" name="Payment_TC39_Default_method" time="10.401"/>
</testsuite> <!-- testLayer.YourAccountTest -->
