<?xml version="1.0" encoding="UTF-8"?>
<!-- Generated by org.testng.reporters.JUnitReportReporter -->
<testsuite hostname="PardeepK" failures="0" tests="4" name="testLayer.YourOrderTest" time="42.684" errors="0" timestamp="2025-02-12T18:01:34 EST" skipped="0">
  <testcase classname="testLayer.YourOrderTest" name="Open_Orders_Page" time="9.222"/>
  <testcase classname="testLayer.YourOrderTest" name="Open_Buy_Again_Page" time="12.305"/>
  <testcase classname="testLayer.YourOrderTest" name="Open_NotyetShipped_Page" time="10.818"/>
  <testcase classname="testLayer.YourOrderTest" name="Open_Cancelled_Order_Page" time="10.339"/>
</testsuite> <!-- testLayer.YourOrderTest -->
