<?xml version="1.0" encoding="UTF-8"?>
<!-- Generated by org.testng.reporters.JUnitReportReporter -->
<testsuite hostname="PardeepK" failures="0" tests="1" name="testLayer.YourOrder" time="2.555" errors="0" timestamp="2025-02-10T20:57:46 EST" skipped="0">
  <testcase classname="testLayer.YourOrder" name="Youraccount_list" time="2.555"/>
</testsuite> <!-- testLayer.YourOrder -->
